WARNING: A terminally deprecated method in sun.misc.Unsafe has been called
WARNING: sun.misc.Unsafe::staticFieldBase has been called by com.google.inject.internal.aop.HiddenClassDefiner (file:/C:/Users/swain/Downloads/apache-maven-3.9.11/lib/guice-5.1.0-classes.jar)
WARNING: Please consider reporting this to the maintainers of class com.google.inject.internal.aop.HiddenClassDefiner
WARNING: sun.misc.Unsafe::staticFieldBase will be removed in a future release
[INFO] Scanning for projects...
[INFO] 
[INFO] ----------------< com.odisha:OdishaHandLoomApplication >----------------
[INFO] Building OdishaHandLoomApplication 0.0.1-SNAPSHOT
[INFO]   from pom.xml
[INFO] --------------------------------[ jar ]---------------------------------
[INFO] 
[INFO] --- resources:3.3.1:resources (default-resources) @ OdishaHandLoomApplication ---
[INFO] Copying 1 resource from src\main\resources to target\classes
[INFO] Copying 8 resources from src\main\resources to target\classes
[INFO] 
[INFO] --- compiler:3.13.0:compile (default-compile) @ OdishaHandLoomApplication ---
[INFO] Recompiling the module because of changed source code.
[INFO] Compiling 233 source files with javac [debug parameters release 21] to target\classes
[INFO] /C:/Users/swain/OneDrive/Desktop/Odisha/OdishaHandLoomApplication/src/main/java/com/odisha/handloom/service/ChatService.java: C:\Users\swain\OneDrive\Desktop\Odisha\OdishaHandLoomApplication\src\main\java\com\odisha\handloom\service\ChatService.java uses unchecked or unsafe operations.
[INFO] /C:/Users/swain/OneDrive/Desktop/Odisha/OdishaHandLoomApplication/src/main/java/com/odisha/handloom/service/ChatService.java: Recompile with -Xlint:unchecked for details.
[INFO] -------------------------------------------------------------
[ERROR] COMPILATION ERROR : 
[INFO] -------------------------------------------------------------
[ERROR] /C:/Users/swain/OneDrive/Desktop/Odisha/OdishaHandLoomApplication/src/main/java/com/odisha/handloom/logistics/service/LogisticsServiceImpl.java:[31,36] variable earningRepository is already defined in constructor LogisticsServiceImpl(com.odisha.handloom.repository.ShipmentRepository,com.odisha.handloom.logistics.repository.ShipmentPaymentRepository,com.odisha.handloom.logistics.repository.AgentEarningRepository,com.odisha.handloom.logistics.repository.AgentEarningRepository,com.odisha.handloom.logistics.repository.ShipmentFailureRepository,com.odisha.handloom.repository.UserRepository)
[ERROR] /C:/Users/swain/OneDrive/Desktop/Odisha/OdishaHandLoomApplication/src/main/java/com/odisha/handloom/payload/response/CommentResponse.java:[16,1] lombok.AllArgsConstructor is not a repeatable annotation interface
[ERROR] /C:/Users/swain/OneDrive/Desktop/Odisha/OdishaHandLoomApplication/src/main/java/com/odisha/handloom/config/ChatFlowDataSeeder.java:[27,43] cannot find symbol
  symbol:   method builder()
  location: class com.odisha.handloom.entity.ChatFlow
[ERROR] /C:/Users/swain/OneDrive/Desktop/Odisha/OdishaHandLoomApplication/src/main/java/com/odisha/handloom/config/ChatFlowDataSeeder.java:[39,42] cannot find symbol
  symbol:   method builder()
  location: class com.odisha.handloom.entity.ChatFlow
[ERROR] /C:/Users/swain/OneDrive/Desktop/Odisha/OdishaHandLoomApplication/src/main/java/com/odisha/handloom/config/ChatFlowDataSeeder.java:[50,40] cannot find symbol
  symbol:   method builder()
  location: class com.odisha.handloom.entity.ChatFlow
[ERROR] /C:/Users/swain/OneDrive/Desktop/Odisha/OdishaHandLoomApplication/src/main/java/com/odisha/handloom/config/ChatFlowDataSeeder.java:[60,45] cannot find symbol
  symbol:   method builder()
  location: class com.odisha.handloom.entity.ChatFlow
[ERROR] /C:/Users/swain/OneDrive/Desktop/Odisha/OdishaHandLoomApplication/src/main/java/com/odisha/handloom/config/ChatFlowDataSeeder.java:[71,48] cannot find symbol
  symbol:   method builder()
  location: class com.odisha.handloom.entity.ChatFlow
[INFO] 7 errors 
[INFO] -------------------------------------------------------------
[INFO] ------------------------------------------------------------------------
[INFO] BUILD FAILURE
[INFO] ------------------------------------------------------------------------
[INFO] Total time:  5.913 s
[INFO] Finished at: 2025-12-29T15:22:40+05:30
[INFO] ------------------------------------------------------------------------
[ERROR] Failed to execute goal org.apache.maven.plugins:maven-compiler-plugin:3.13.0:compile (default-compile) on project OdishaHandLoomApplication: Compilation failure: Compilation failure: 
[ERROR] /C:/Users/swain/OneDrive/Desktop/Odisha/OdishaHandLoomApplication/src/main/java/com/odisha/handloom/logistics/service/LogisticsServiceImpl.java:[31,36] variable earningRepository is already defined in constructor LogisticsServiceImpl(com.odisha.handloom.repository.ShipmentRepository,com.odisha.handloom.logistics.repository.ShipmentPaymentRepository,com.odisha.handloom.logistics.repository.AgentEarningRepository,com.odisha.handloom.logistics.repository.AgentEarningRepository,com.odisha.handloom.logistics.repository.ShipmentFailureRepository,com.odisha.handloom.repository.UserRepository)
[ERROR] /C:/Users/swain/OneDrive/Desktop/Odisha/OdishaHandLoomApplication/src/main/java/com/odisha/handloom/payload/response/CommentResponse.java:[16,1] lombok.AllArgsConstructor is not a repeatable annotation interface
[ERROR] /C:/Users/swain/OneDrive/Desktop/Odisha/OdishaHandLoomApplication/src/main/java/com/odisha/handloom/config/ChatFlowDataSeeder.java:[27,43] cannot find symbol
[ERROR]   symbol:   method builder()
[ERROR]   location: class com.odisha.handloom.entity.ChatFlow
[ERROR] /C:/Users/swain/OneDrive/Desktop/Odisha/OdishaHandLoomApplication/src/main/java/com/odisha/handloom/config/ChatFlowDataSeeder.java:[39,42] cannot find symbol
[ERROR]   symbol:   method builder()
[ERROR]   location: class com.odisha.handloom.entity.ChatFlow
[ERROR] /C:/Users/swain/OneDrive/Desktop/Odisha/OdishaHandLoomApplication/src/main/java/com/odisha/handloom/config/ChatFlowDataSeeder.java:[50,40] cannot find symbol
[ERROR]   symbol:   method builder()
[ERROR]   location: class com.odisha.handloom.entity.ChatFlow
[ERROR] /C:/Users/swain/OneDrive/Desktop/Odisha/OdishaHandLoomApplication/src/main/java/com/odisha/handloom/config/ChatFlowDataSeeder.java:[60,45] cannot find symbol
[ERROR]   symbol:   method builder()
[ERROR]   location: class com.odisha.handloom.entity.ChatFlow
[ERROR] /C:/Users/swain/OneDrive/Desktop/Odisha/OdishaHandLoomApplication/src/main/java/com/odisha/handloom/config/ChatFlowDataSeeder.java:[71,48] cannot find symbol
[ERROR]   symbol:   method builder()
[ERROR]   location: class com.odisha.handloom.entity.ChatFlow
[ERROR] -> [Help 1]
[ERROR] 
[ERROR] To see the full stack trace of the errors, re-run Maven with the -e switch.
[ERROR] Re-run Maven using the -X switch to enable full debug logging.
[ERROR] 
[ERROR] For more information about the errors and possible solutions, please read the following articles:
[ERROR] [Help 1] http://cwiki.apache.org/confluence/display/MAVEN/MojoFailureException
